CRITICAL - 2023-01-02 06:20:46 --> require(./rsc/header.php): Failed to open stream: No such file or directory
in APPPATH\Views\login_site.php on line 12.
 1 APPPATH\Views\login_site.php(12): CodeIgniter\Debug\Exceptions->errorHandler(2, 'require(./rsc/header.php): Failed to open stream: No such file or directory', 'APPPATH\\Views\\login_site.php', 12)
 2 APPPATH\Views\login_site.php(12): require()
 3 SYSTEMPATH\View\View.php(213): include('APPPATH\\Views\\login_site.php')
 4 SYSTEMPATH\View\View.php(216): CodeIgniter\View\View->CodeIgniter\View\{closure}()
 5 SYSTEMPATH\Common.php(1135): CodeIgniter\View\View->render('login_site', [], true)
 6 APPPATH\Controllers\Login.php(9): view('login_site')
 7 SYSTEMPATH\CodeIgniter.php(925): App\Controllers\Login->index()
 8 SYSTEMPATH\CodeIgniter.php(480): CodeIgniter\CodeIgniter->runController(Object(App\Controllers\Login))
 9 SYSTEMPATH\CodeIgniter.php(349): CodeIgniter\CodeIgniter->handleRequest(null, Object(Config\Cache), false)
10 FCPATH\index.php(67): CodeIgniter\CodeIgniter->run()
CRITICAL - 2023-01-02 06:24:37 --> require(./templates/header.php): Failed to open stream: No such file or directory
in APPPATH\Views\login_site.php on line 12.
 1 APPPATH\Views\login_site.php(12): CodeIgniter\Debug\Exceptions->errorHandler(2, 'require(./templates/header.php): Failed to open stream: No such file or directory', 'APPPATH\\Views\\login_site.php', 12)
 2 APPPATH\Views\login_site.php(12): require()
 3 SYSTEMPATH\View\View.php(213): include('APPPATH\\Views\\login_site.php')
 4 SYSTEMPATH\View\View.php(216): CodeIgniter\View\View->CodeIgniter\View\{closure}()
 5 SYSTEMPATH\Common.php(1135): CodeIgniter\View\View->render('login_site', [], true)
 6 APPPATH\Controllers\Login.php(9): view('login_site')
 7 SYSTEMPATH\CodeIgniter.php(925): App\Controllers\Login->index()
 8 SYSTEMPATH\CodeIgniter.php(480): CodeIgniter\CodeIgniter->runController(Object(App\Controllers\Login))
 9 SYSTEMPATH\CodeIgniter.php(349): CodeIgniter\CodeIgniter->handleRequest(null, Object(Config\Cache), false)
10 FCPATH\index.php(67): CodeIgniter\CodeIgniter->run()
CRITICAL - 2023-01-02 06:24:38 --> require(./templates/header.php): Failed to open stream: No such file or directory
in APPPATH\Views\login_site.php on line 12.
 1 APPPATH\Views\login_site.php(12): CodeIgniter\Debug\Exceptions->errorHandler(2, 'require(./templates/header.php): Failed to open stream: No such file or directory', 'APPPATH\\Views\\login_site.php', 12)
 2 APPPATH\Views\login_site.php(12): require()
 3 SYSTEMPATH\View\View.php(213): include('APPPATH\\Views\\login_site.php')
 4 SYSTEMPATH\View\View.php(216): CodeIgniter\View\View->CodeIgniter\View\{closure}()
 5 SYSTEMPATH\Common.php(1135): CodeIgniter\View\View->render('login_site', [], true)
 6 APPPATH\Controllers\Login.php(9): view('login_site')
 7 SYSTEMPATH\CodeIgniter.php(925): App\Controllers\Login->index()
 8 SYSTEMPATH\CodeIgniter.php(480): CodeIgniter\CodeIgniter->runController(Object(App\Controllers\Login))
 9 SYSTEMPATH\CodeIgniter.php(349): CodeIgniter\CodeIgniter->handleRequest(null, Object(Config\Cache), false)
10 FCPATH\index.php(67): CodeIgniter\CodeIgniter->run()
CRITICAL - 2023-01-02 06:26:48 --> require(./templates/header.php): Failed to open stream: No such file or directory
in APPPATH\Views\login_site.php on line 12.
 1 APPPATH\Views\login_site.php(12): CodeIgniter\Debug\Exceptions->errorHandler(2, 'require(./templates/header.php): Failed to open stream: No such file or directory', 'APPPATH\\Views\\login_site.php', 12)
 2 APPPATH\Views\login_site.php(12): require()
 3 SYSTEMPATH\View\View.php(213): include('APPPATH\\Views\\login_site.php')
 4 SYSTEMPATH\View\View.php(216): CodeIgniter\View\View->CodeIgniter\View\{closure}()
 5 SYSTEMPATH\Common.php(1135): CodeIgniter\View\View->render('login_site', [], true)
 6 APPPATH\Controllers\Login.php(9): view('login_site')
 7 SYSTEMPATH\CodeIgniter.php(925): App\Controllers\Login->index()
 8 SYSTEMPATH\CodeIgniter.php(480): CodeIgniter\CodeIgniter->runController(Object(App\Controllers\Login))
 9 SYSTEMPATH\CodeIgniter.php(349): CodeIgniter\CodeIgniter->handleRequest(null, Object(Config\Cache), false)
10 FCPATH\index.php(67): CodeIgniter\CodeIgniter->run()
CRITICAL - 2023-01-02 06:27:09 --> require(./templates/header.php): Failed to open stream: No such file or directory
in APPPATH\Views\login_site.php on line 12.
 1 APPPATH\Views\login_site.php(12): CodeIgniter\Debug\Exceptions->errorHandler(2, 'require(./templates/header.php): Failed to open stream: No such file or directory', 'APPPATH\\Views\\login_site.php', 12)
 2 APPPATH\Views\login_site.php(12): require()
 3 SYSTEMPATH\View\View.php(213): include('APPPATH\\Views\\login_site.php')
 4 SYSTEMPATH\View\View.php(216): CodeIgniter\View\View->CodeIgniter\View\{closure}()
 5 SYSTEMPATH\Common.php(1135): CodeIgniter\View\View->render('login_site', [], true)
 6 APPPATH\Controllers\Login.php(9): view('login_site')
 7 SYSTEMPATH\CodeIgniter.php(925): App\Controllers\Login->index()
 8 SYSTEMPATH\CodeIgniter.php(480): CodeIgniter\CodeIgniter->runController(Object(App\Controllers\Login))
 9 SYSTEMPATH\CodeIgniter.php(349): CodeIgniter\CodeIgniter->handleRequest(null, Object(Config\Cache), false)
10 FCPATH\index.php(67): CodeIgniter\CodeIgniter->run()
CRITICAL - 2023-01-02 06:29:16 --> require(.\templates\header.php): Failed to open stream: No such file or directory
in APPPATH\Views\login_site.php on line 12.
 1 APPPATH\Views\login_site.php(12): CodeIgniter\Debug\Exceptions->errorHandler(2, 'require(.\\templates\\header.php): Failed to open stream: No such file or directory', 'APPPATH\\Views\\login_site.php', 12)
 2 APPPATH\Views\login_site.php(12): require()
 3 SYSTEMPATH\View\View.php(213): include('APPPATH\\Views\\login_site.php')
 4 SYSTEMPATH\View\View.php(216): CodeIgniter\View\View->CodeIgniter\View\{closure}()
 5 SYSTEMPATH\Common.php(1135): CodeIgniter\View\View->render('login_site', [], true)
 6 APPPATH\Controllers\Login.php(9): view('login_site')
 7 SYSTEMPATH\CodeIgniter.php(925): App\Controllers\Login->index()
 8 SYSTEMPATH\CodeIgniter.php(480): CodeIgniter\CodeIgniter->runController(Object(App\Controllers\Login))
 9 SYSTEMPATH\CodeIgniter.php(349): CodeIgniter\CodeIgniter->handleRequest(null, Object(Config\Cache), false)
10 FCPATH\index.php(67): CodeIgniter\CodeIgniter->run()
CRITICAL - 2023-01-02 07:03:10 --> Call to undefined method App\Controllers\Persons::initController()
in SYSTEMPATH\CodeIgniter.php on line 888.
 1 SYSTEMPATH\CodeIgniter.php(471): CodeIgniter\CodeIgniter->createController()
 2 SYSTEMPATH\CodeIgniter.php(349): CodeIgniter\CodeIgniter->handleRequest(null, Object(Config\Cache), false)
 3 FCPATH\index.php(67): CodeIgniter\CodeIgniter->run()
