CRITICAL - 2023-01-07 05:52:00 --> Undefined property: App\Controllers\Persons::$mitgliederModel
in APPPATH\Controllers\Persons.php on line 14.
 1 APPPATH\Controllers\Persons.php(14): CodeIgniter\Debug\Exceptions->errorHandler(2, 'Undefined property: App\\Controllers\\Persons::$mitgliederModel', 'APPPATH\\Controllers\\Persons.php', 14)
 2 SYSTEMPATH\CodeIgniter.php(925): App\Controllers\Persons->index()
 3 SYSTEMPATH\CodeIgniter.php(480): CodeIgniter\CodeIgniter->runController(Object(App\Controllers\Persons))
 4 SYSTEMPATH\CodeIgniter.php(349): CodeIgniter\CodeIgniter->handleRequest(null, Object(Config\Cache), false)
 5 FCPATH\index.php(67): CodeIgniter\CodeIgniter->run()
CRITICAL - 2023-01-07 05:55:39 --> Undefined property: App\Controllers\Persons::$mitgliederModel
in APPPATH\Controllers\Persons.php on line 14.
 1 APPPATH\Controllers\Persons.php(14): CodeIgniter\Debug\Exceptions->errorHandler(2, 'Undefined property: App\\Controllers\\Persons::$mitgliederModel', 'APPPATH\\Controllers\\Persons.php', 14)
 2 SYSTEMPATH\CodeIgniter.php(925): App\Controllers\Persons->index()
 3 SYSTEMPATH\CodeIgniter.php(480): CodeIgniter\CodeIgniter->runController(Object(App\Controllers\Persons))
 4 SYSTEMPATH\CodeIgniter.php(349): CodeIgniter\CodeIgniter->handleRequest(null, Object(Config\Cache), false)
 5 FCPATH\index.php(67): CodeIgniter\CodeIgniter->run()
CRITICAL - 2023-01-07 05:55:40 --> Undefined property: App\Controllers\Persons::$mitgliederModel
in APPPATH\Controllers\Persons.php on line 14.
 1 APPPATH\Controllers\Persons.php(14): CodeIgniter\Debug\Exceptions->errorHandler(2, 'Undefined property: App\\Controllers\\Persons::$mitgliederModel', 'APPPATH\\Controllers\\Persons.php', 14)
 2 SYSTEMPATH\CodeIgniter.php(925): App\Controllers\Persons->index()
 3 SYSTEMPATH\CodeIgniter.php(480): CodeIgniter\CodeIgniter->runController(Object(App\Controllers\Persons))
 4 SYSTEMPATH\CodeIgniter.php(349): CodeIgniter\CodeIgniter->handleRequest(null, Object(Config\Cache), false)
 5 FCPATH\index.php(67): CodeIgniter\CodeIgniter->run()
CRITICAL - 2023-01-07 05:55:40 --> Undefined property: App\Controllers\Persons::$mitgliederModel
in APPPATH\Controllers\Persons.php on line 14.
 1 APPPATH\Controllers\Persons.php(14): CodeIgniter\Debug\Exceptions->errorHandler(2, 'Undefined property: App\\Controllers\\Persons::$mitgliederModel', 'APPPATH\\Controllers\\Persons.php', 14)
 2 SYSTEMPATH\CodeIgniter.php(925): App\Controllers\Persons->index()
 3 SYSTEMPATH\CodeIgniter.php(480): CodeIgniter\CodeIgniter->runController(Object(App\Controllers\Persons))
 4 SYSTEMPATH\CodeIgniter.php(349): CodeIgniter\CodeIgniter->handleRequest(null, Object(Config\Cache), false)
 5 FCPATH\index.php(67): CodeIgniter\CodeIgniter->run()
CRITICAL - 2023-01-07 05:55:41 --> Undefined property: App\Controllers\Persons::$mitgliederModel
in APPPATH\Controllers\Persons.php on line 14.
 1 APPPATH\Controllers\Persons.php(14): CodeIgniter\Debug\Exceptions->errorHandler(2, 'Undefined property: App\\Controllers\\Persons::$mitgliederModel', 'APPPATH\\Controllers\\Persons.php', 14)
 2 SYSTEMPATH\CodeIgniter.php(925): App\Controllers\Persons->index()
 3 SYSTEMPATH\CodeIgniter.php(480): CodeIgniter\CodeIgniter->runController(Object(App\Controllers\Persons))
 4 SYSTEMPATH\CodeIgniter.php(349): CodeIgniter\CodeIgniter->handleRequest(null, Object(Config\Cache), false)
 5 FCPATH\index.php(67): CodeIgniter\CodeIgniter->run()
ERROR - 2023-01-07 06:00:43 --> mysqli_sql_exception: Unknown column 'Name' in 'order clause' in C:\xampp\htdocs\ci\system\Database\MySQLi\Connection.php:292
Stack trace:
#0 C:\xampp\htdocs\ci\system\Database\MySQLi\Connection.php(292): mysqli->query('SELECT * FROM m...', 0)
#1 C:\xampp\htdocs\ci\system\Database\BaseConnection.php(666): CodeIgniter\Database\MySQLi\Connection->execute('SELECT * FROM m...')
#2 C:\xampp\htdocs\ci\system\Database\BaseConnection.php(593): CodeIgniter\Database\BaseConnection->simpleQuery('SELECT * FROM m...')
#3 C:\xampp\htdocs\ci\app\Models\MitgliederModel.php(7): CodeIgniter\Database\BaseConnection->query('SELECT * FROM m...')
#4 C:\xampp\htdocs\ci\app\Controllers\Persons.php(14): App\Models\MitgliederModel->getData()
#5 C:\xampp\htdocs\ci\system\CodeIgniter.php(925): App\Controllers\Persons->index()
#6 C:\xampp\htdocs\ci\system\CodeIgniter.php(480): CodeIgniter\CodeIgniter->runController(Object(App\Controllers\Persons))
#7 C:\xampp\htdocs\ci\system\CodeIgniter.php(349): CodeIgniter\CodeIgniter->handleRequest(NULL, Object(Config\Cache), false)
#8 C:\xampp\htdocs\ci\public\index.php(67): CodeIgniter\CodeIgniter->run()
#9 {main}
CRITICAL - 2023-01-07 06:00:43 --> Unknown column 'Name' in 'order clause'
in SYSTEMPATH\Database\MySQLi\Connection.php on line 292.
 1 SYSTEMPATH\Database\MySQLi\Connection.php(292): mysqli->query('SELECT * FROM mitglieder order by Name', 0)
 2 SYSTEMPATH\Database\BaseConnection.php(666): CodeIgniter\Database\MySQLi\Connection->execute('SELECT * FROM mitglieder order by Name')
 3 SYSTEMPATH\Database\BaseConnection.php(593): CodeIgniter\Database\BaseConnection->simpleQuery('SELECT * FROM mitglieder order by Name')
 4 APPPATH\Models\MitgliederModel.php(7): CodeIgniter\Database\BaseConnection->query('SELECT * FROM mitglieder order by Name')
 5 APPPATH\Controllers\Persons.php(14): App\Models\MitgliederModel->getData()
 6 SYSTEMPATH\CodeIgniter.php(925): App\Controllers\Persons->index()
 7 SYSTEMPATH\CodeIgniter.php(480): CodeIgniter\CodeIgniter->runController(Object(App\Controllers\Persons))
 8 SYSTEMPATH\CodeIgniter.php(349): CodeIgniter\CodeIgniter->handleRequest(null, Object(Config\Cache), false)
 9 FCPATH\index.php(67): CodeIgniter\CodeIgniter->run()
ERROR - 2023-01-07 06:01:02 --> mysqli_sql_exception: Unknown column 'name' in 'order clause' in C:\xampp\htdocs\ci\system\Database\MySQLi\Connection.php:292
Stack trace:
#0 C:\xampp\htdocs\ci\system\Database\MySQLi\Connection.php(292): mysqli->query('SELECT * FROM m...', 0)
#1 C:\xampp\htdocs\ci\system\Database\BaseConnection.php(666): CodeIgniter\Database\MySQLi\Connection->execute('SELECT * FROM m...')
#2 C:\xampp\htdocs\ci\system\Database\BaseConnection.php(593): CodeIgniter\Database\BaseConnection->simpleQuery('SELECT * FROM m...')
#3 C:\xampp\htdocs\ci\app\Models\MitgliederModel.php(7): CodeIgniter\Database\BaseConnection->query('SELECT * FROM m...')
#4 C:\xampp\htdocs\ci\app\Controllers\Persons.php(14): App\Models\MitgliederModel->getData()
#5 C:\xampp\htdocs\ci\system\CodeIgniter.php(925): App\Controllers\Persons->index()
#6 C:\xampp\htdocs\ci\system\CodeIgniter.php(480): CodeIgniter\CodeIgniter->runController(Object(App\Controllers\Persons))
#7 C:\xampp\htdocs\ci\system\CodeIgniter.php(349): CodeIgniter\CodeIgniter->handleRequest(NULL, Object(Config\Cache), false)
#8 C:\xampp\htdocs\ci\public\index.php(67): CodeIgniter\CodeIgniter->run()
#9 {main}
CRITICAL - 2023-01-07 06:01:02 --> Unknown column 'name' in 'order clause'
in SYSTEMPATH\Database\MySQLi\Connection.php on line 292.
 1 SYSTEMPATH\Database\MySQLi\Connection.php(292): mysqli->query('SELECT * FROM mitglieder order by name', 0)
 2 SYSTEMPATH\Database\BaseConnection.php(666): CodeIgniter\Database\MySQLi\Connection->execute('SELECT * FROM mitglieder order by name')
 3 SYSTEMPATH\Database\BaseConnection.php(593): CodeIgniter\Database\BaseConnection->simpleQuery('SELECT * FROM mitglieder order by name')
 4 APPPATH\Models\MitgliederModel.php(7): CodeIgniter\Database\BaseConnection->query('SELECT * FROM mitglieder order by name')
 5 APPPATH\Controllers\Persons.php(14): App\Models\MitgliederModel->getData()
 6 SYSTEMPATH\CodeIgniter.php(925): App\Controllers\Persons->index()
 7 SYSTEMPATH\CodeIgniter.php(480): CodeIgniter\CodeIgniter->runController(Object(App\Controllers\Persons))
 8 SYSTEMPATH\CodeIgniter.php(349): CodeIgniter\CodeIgniter->handleRequest(null, Object(Config\Cache), false)
 9 FCPATH\index.php(67): CodeIgniter\CodeIgniter->run()
CRITICAL - 2023-01-07 06:02:52 --> Undefined array key "name"
in APPPATH\Views\persons_site.php on line 32.
 1 APPPATH\Views\persons_site.php(32): CodeIgniter\Debug\Exceptions->errorHandler(2, 'Undefined array key "name"', 'APPPATH\\Views\\persons_site.php', 32)
 2 SYSTEMPATH\View\View.php(213): include('APPPATH\\Views\\persons_site.php')
 3 SYSTEMPATH\View\View.php(216): CodeIgniter\View\View->CodeIgniter\View\{closure}()
 4 SYSTEMPATH\Common.php(1135): CodeIgniter\View\View->render('persons_site', [], true)
 5 APPPATH\Controllers\Persons.php(16): view('persons_site', [...])
 6 SYSTEMPATH\CodeIgniter.php(925): App\Controllers\Persons->index()
 7 SYSTEMPATH\CodeIgniter.php(480): CodeIgniter\CodeIgniter->runController(Object(App\Controllers\Persons))
 8 SYSTEMPATH\CodeIgniter.php(349): CodeIgniter\CodeIgniter->handleRequest(null, Object(Config\Cache), false)
 9 FCPATH\index.php(67): CodeIgniter\CodeIgniter->run()
CRITICAL - 2023-01-07 06:25:32 --> Undefined property: App\Controllers\Login::$load
in APPPATH\Controllers\Login.php on line 9.
 1 APPPATH\Controllers\Login.php(9): CodeIgniter\Debug\Exceptions->errorHandler(2, 'Undefined property: App\\Controllers\\Login::$load', 'APPPATH\\Controllers\\Login.php', 9)
 2 SYSTEMPATH\CodeIgniter.php(925): App\Controllers\Login->index()
 3 SYSTEMPATH\CodeIgniter.php(480): CodeIgniter\CodeIgniter->runController(Object(App\Controllers\Login))
 4 SYSTEMPATH\CodeIgniter.php(349): CodeIgniter\CodeIgniter->handleRequest(null, Object(Config\Cache), false)
 5 FCPATH\index.php(67): CodeIgniter\CodeIgniter->run()
CRITICAL - 2023-01-07 06:27:25 --> Undefined variable $load
in APPPATH\Controllers\Login.php on line 9.
 1 APPPATH\Controllers\Login.php(9): CodeIgniter\Debug\Exceptions->errorHandler(2, 'Undefined variable $load', 'APPPATH\\Controllers\\Login.php', 9)
 2 SYSTEMPATH\CodeIgniter.php(925): App\Controllers\Login->index()
 3 SYSTEMPATH\CodeIgniter.php(480): CodeIgniter\CodeIgniter->runController(Object(App\Controllers\Login))
 4 SYSTEMPATH\CodeIgniter.php(349): CodeIgniter\CodeIgniter->handleRequest(null, Object(Config\Cache), false)
 5 FCPATH\index.php(67): CodeIgniter\CodeIgniter->run()
CRITICAL - 2023-01-07 06:28:01 --> Undefined property: App\Controllers\Login::$load
in APPPATH\Controllers\Login.php on line 9.
 1 APPPATH\Controllers\Login.php(9): CodeIgniter\Debug\Exceptions->errorHandler(2, 'Undefined property: App\\Controllers\\Login::$load', 'APPPATH\\Controllers\\Login.php', 9)
 2 SYSTEMPATH\CodeIgniter.php(925): App\Controllers\Login->index()
 3 SYSTEMPATH\CodeIgniter.php(480): CodeIgniter\CodeIgniter->runController(Object(App\Controllers\Login))
 4 SYSTEMPATH\CodeIgniter.php(349): CodeIgniter\CodeIgniter->handleRequest(null, Object(Config\Cache), false)
 5 FCPATH\index.php(67): CodeIgniter\CodeIgniter->run()
CRITICAL - 2023-01-07 06:29:12 --> Call to undefined function App\Controllers\get_instance()
in APPPATH\Controllers\Login.php on line 9.
 1 SYSTEMPATH\CodeIgniter.php(925): App\Controllers\Login->index()
 2 SYSTEMPATH\CodeIgniter.php(480): CodeIgniter\CodeIgniter->runController(Object(App\Controllers\Login))
 3 SYSTEMPATH\CodeIgniter.php(349): CodeIgniter\CodeIgniter->handleRequest(null, Object(Config\Cache), false)
 4 FCPATH\index.php(67): CodeIgniter\CodeIgniter->run()
CRITICAL - 2023-01-07 06:30:05 --> Cannot call constructor
in APPPATH\Controllers\Login.php on line 9.
 1 SYSTEMPATH\CodeIgniter.php(887): App\Controllers\Login->__construct()
 2 SYSTEMPATH\CodeIgniter.php(471): CodeIgniter\CodeIgniter->createController()
 3 SYSTEMPATH\CodeIgniter.php(349): CodeIgniter\CodeIgniter->handleRequest(null, Object(Config\Cache), false)
 4 FCPATH\index.php(67): CodeIgniter\CodeIgniter->run()
CRITICAL - 2023-01-07 06:51:33 --> Call to undefined function form_open()
in APPPATH\Views\login_site.php on line 16.
 1 SYSTEMPATH\View\View.php(213): include()
 2 SYSTEMPATH\View\View.php(216): CodeIgniter\View\View->CodeIgniter\View\{closure}()
 3 SYSTEMPATH\Common.php(1135): CodeIgniter\View\View->render('login_site', [], true)
 4 APPPATH\Controllers\Login.php(9): view('login_site')
 5 SYSTEMPATH\CodeIgniter.php(925): App\Controllers\Login->index()
 6 SYSTEMPATH\CodeIgniter.php(480): CodeIgniter\CodeIgniter->runController(Object(App\Controllers\Login))
 7 SYSTEMPATH\CodeIgniter.php(349): CodeIgniter\CodeIgniter->handleRequest(null, Object(Config\Cache), false)
 8 FCPATH\index.php(67): CodeIgniter\CodeIgniter->run()
CRITICAL - 2023-01-07 06:59:47 --> Call to undefined function form_open()
in APPPATH\Views\login_site.php on line 16.
 1 SYSTEMPATH\View\View.php(213): include()
 2 SYSTEMPATH\View\View.php(216): CodeIgniter\View\View->CodeIgniter\View\{closure}()
 3 SYSTEMPATH\Common.php(1135): CodeIgniter\View\View->render('login_site', [], true)
 4 APPPATH\Controllers\Login.php(13): view('login_site')
 5 SYSTEMPATH\CodeIgniter.php(925): App\Controllers\Login->index()
 6 SYSTEMPATH\CodeIgniter.php(480): CodeIgniter\CodeIgniter->runController(Object(App\Controllers\Login))
 7 SYSTEMPATH\CodeIgniter.php(349): CodeIgniter\CodeIgniter->handleRequest(null, Object(Config\Cache), false)
 8 FCPATH\index.php(67): CodeIgniter\CodeIgniter->run()
CRITICAL - 2023-01-07 07:17:17 --> Undefined property: App\Controllers\Login::$load
in APPPATH\Controllers\Login.php on line 8.
 1 APPPATH\Controllers\Login.php(8): CodeIgniter\Debug\Exceptions->errorHandler(2, 'Undefined property: App\\Controllers\\Login::$load', 'APPPATH\\Controllers\\Login.php', 8)
 2 SYSTEMPATH\CodeIgniter.php(887): App\Controllers\Login->__construct()
 3 SYSTEMPATH\CodeIgniter.php(471): CodeIgniter\CodeIgniter->createController()
 4 SYSTEMPATH\CodeIgniter.php(349): CodeIgniter\CodeIgniter->handleRequest(null, Object(Config\Cache), false)
 5 FCPATH\index.php(67): CodeIgniter\CodeIgniter->run()
CRITICAL - 2023-01-07 07:18:32 --> Class "App\Controllers\CI_Controller" not found
in APPPATH\Controllers\Login.php on line 5.
 1 SYSTEMPATH\Autoloader\Autoloader.php(283): include_once()
 2 SYSTEMPATH\Autoloader\Autoloader.php(260): CodeIgniter\Autoloader\Autoloader->includeFile('APPPATH\\Controllers\\Login.php')
 3 SYSTEMPATH\Autoloader\Autoloader.php(238): CodeIgniter\Autoloader\Autoloader->loadInNamespace('App\\Controllers\\Login')
 4 [internal function]: CodeIgniter\Autoloader\Autoloader->loadClass('App\\Controllers\\Login')
 5 SYSTEMPATH\CodeIgniter.php(875): class_exists('\\App\\Controllers\\Login', true)
 6 SYSTEMPATH\CodeIgniter.php(467): CodeIgniter\CodeIgniter->startController()
 7 SYSTEMPATH\CodeIgniter.php(349): CodeIgniter\CodeIgniter->handleRequest(null, Object(Config\Cache), false)
 8 FCPATH\index.php(67): CodeIgniter\CodeIgniter->run()
CRITICAL - 2023-01-07 07:18:44 --> Cannot call constructor
in APPPATH\Controllers\Login.php on line 8.
 1 SYSTEMPATH\CodeIgniter.php(887): App\Controllers\Login->__construct()
 2 SYSTEMPATH\CodeIgniter.php(471): CodeIgniter\CodeIgniter->createController()
 3 SYSTEMPATH\CodeIgniter.php(349): CodeIgniter\CodeIgniter->handleRequest(null, Object(Config\Cache), false)
 4 FCPATH\index.php(67): CodeIgniter\CodeIgniter->run()
CRITICAL - 2023-01-07 07:19:46 --> Too few arguments to function App\Controllers\BaseController::initController(), 0 passed in C:\xampp\htdocs\ci\app\Controllers\Login.php on line 8 and exactly 3 expected
in APPPATH\Controllers\BaseController.php on line 43.
 1 APPPATH\Controllers\Login.php(8): App\Controllers\BaseController->initController()
 2 SYSTEMPATH\CodeIgniter.php(887): App\Controllers\Login->__construct()
 3 SYSTEMPATH\CodeIgniter.php(471): CodeIgniter\CodeIgniter->createController()
 4 SYSTEMPATH\CodeIgniter.php(349): CodeIgniter\CodeIgniter->handleRequest(null, Object(Config\Cache), false)
 5 FCPATH\index.php(67): CodeIgniter\CodeIgniter->run()
CRITICAL - 2023-01-07 07:20:00 --> Undefined property: App\Controllers\Login::$load
in APPPATH\Controllers\Login.php on line 8.
 1 APPPATH\Controllers\Login.php(8): CodeIgniter\Debug\Exceptions->errorHandler(2, 'Undefined property: App\\Controllers\\Login::$load', 'APPPATH\\Controllers\\Login.php', 8)
 2 SYSTEMPATH\CodeIgniter.php(887): App\Controllers\Login->__construct()
 3 SYSTEMPATH\CodeIgniter.php(471): CodeIgniter\CodeIgniter->createController()
 4 SYSTEMPATH\CodeIgniter.php(349): CodeIgniter\CodeIgniter->handleRequest(null, Object(Config\Cache), false)
 5 FCPATH\index.php(67): CodeIgniter\CodeIgniter->run()
CRITICAL - 2023-01-07 07:20:15 --> Undefined constant "App\Controllers\load"
in APPPATH\Controllers\Login.php on line 8.
 1 SYSTEMPATH\CodeIgniter.php(887): App\Controllers\Login->__construct()
 2 SYSTEMPATH\CodeIgniter.php(471): CodeIgniter\CodeIgniter->createController()
 3 SYSTEMPATH\CodeIgniter.php(349): CodeIgniter\CodeIgniter->handleRequest(null, Object(Config\Cache), false)
 4 FCPATH\index.php(67): CodeIgniter\CodeIgniter->run()
CRITICAL - 2023-01-07 07:24:16 --> Undefined property: App\Controllers\Login::$load
in APPPATH\Controllers\Login.php on line 8.
 1 APPPATH\Controllers\Login.php(8): CodeIgniter\Debug\Exceptions->errorHandler(2, 'Undefined property: App\\Controllers\\Login::$load', 'APPPATH\\Controllers\\Login.php', 8)
 2 SYSTEMPATH\CodeIgniter.php(887): App\Controllers\Login->__construct()
 3 SYSTEMPATH\CodeIgniter.php(471): CodeIgniter\CodeIgniter->createController()
 4 SYSTEMPATH\CodeIgniter.php(349): CodeIgniter\CodeIgniter->handleRequest(null, Object(Config\Cache), false)
 5 FCPATH\index.php(67): CodeIgniter\CodeIgniter->run()
CRITICAL - 2023-01-07 07:26:59 --> Undefined property: CodeIgniter\View\View::$load
in APPPATH\Views\login_site.php on line 7.
 1 APPPATH\Views\login_site.php(7): CodeIgniter\Debug\Exceptions->errorHandler(2, 'Undefined property: CodeIgniter\\View\\View::$load', 'APPPATH\\Views\\login_site.php', 7)
 2 SYSTEMPATH\View\View.php(213): include('APPPATH\\Views\\login_site.php')
 3 SYSTEMPATH\View\View.php(216): CodeIgniter\View\View->CodeIgniter\View\{closure}()
 4 SYSTEMPATH\Common.php(1135): CodeIgniter\View\View->render('login_site', [], true)
 5 APPPATH\Controllers\Login.php(13): view('login_site')
 6 SYSTEMPATH\CodeIgniter.php(925): App\Controllers\Login->index()
 7 SYSTEMPATH\CodeIgniter.php(480): CodeIgniter\CodeIgniter->runController(Object(App\Controllers\Login))
 8 SYSTEMPATH\CodeIgniter.php(349): CodeIgniter\CodeIgniter->handleRequest(null, Object(Config\Cache), false)
 9 FCPATH\index.php(67): CodeIgniter\CodeIgniter->run()
CRITICAL - 2023-01-07 07:28:38 --> Undefined property: App\Controllers\Login::$load
in APPPATH\Controllers\Login.php on line 11.
 1 APPPATH\Controllers\Login.php(11): CodeIgniter\Debug\Exceptions->errorHandler(2, 'Undefined property: App\\Controllers\\Login::$load', 'APPPATH\\Controllers\\Login.php', 11)
 2 SYSTEMPATH\CodeIgniter.php(925): App\Controllers\Login->index()
 3 SYSTEMPATH\CodeIgniter.php(480): CodeIgniter\CodeIgniter->runController(Object(App\Controllers\Login))
 4 SYSTEMPATH\CodeIgniter.php(349): CodeIgniter\CodeIgniter->handleRequest(null, Object(Config\Cache), false)
 5 FCPATH\index.php(67): CodeIgniter\CodeIgniter->run()
CRITICAL - 2023-01-07 07:29:08 --> Undefined property: CodeIgniter\Autoloader\Autoloader::$load
in APPPATH\Controllers\Login.php on line 13.
 1 APPPATH\Controllers\Login.php(13): CodeIgniter\Debug\Exceptions->errorHandler(2, 'Undefined property: CodeIgniter\\Autoloader\\Autoloader::$load', 'APPPATH\\Controllers\\Login.php', 13)
 2 SYSTEMPATH\CodeIgniter.php(925): App\Controllers\Login->index()
 3 SYSTEMPATH\CodeIgniter.php(480): CodeIgniter\CodeIgniter->runController(Object(App\Controllers\Login))
 4 SYSTEMPATH\CodeIgniter.php(349): CodeIgniter\CodeIgniter->handleRequest(null, Object(Config\Cache), false)
 5 FCPATH\index.php(67): CodeIgniter\CodeIgniter->run()
CRITICAL - 2023-01-07 07:30:38 --> Call to undefined function App\Controllers\get_instance()
in APPPATH\Controllers\Login.php on line 12.
 1 SYSTEMPATH\CodeIgniter.php(925): App\Controllers\Login->index()
 2 SYSTEMPATH\CodeIgniter.php(480): CodeIgniter\CodeIgniter->runController(Object(App\Controllers\Login))
 3 SYSTEMPATH\CodeIgniter.php(349): CodeIgniter\CodeIgniter->handleRequest(null, Object(Config\Cache), false)
 4 FCPATH\index.php(67): CodeIgniter\CodeIgniter->run()
CRITICAL - 2023-01-07 07:31:39 --> Undefined property: App\Controllers\Login::$load
in APPPATH\Controllers\Login.php on line 10.
 1 APPPATH\Controllers\Login.php(10): CodeIgniter\Debug\Exceptions->errorHandler(2, 'Undefined property: App\\Controllers\\Login::$load', 'APPPATH\\Controllers\\Login.php', 10)
 2 SYSTEMPATH\CodeIgniter.php(925): App\Controllers\Login->index()
 3 SYSTEMPATH\CodeIgniter.php(480): CodeIgniter\CodeIgniter->runController(Object(App\Controllers\Login))
 4 SYSTEMPATH\CodeIgniter.php(349): CodeIgniter\CodeIgniter->handleRequest(null, Object(Config\Cache), false)
 5 FCPATH\index.php(67): CodeIgniter\CodeIgniter->run()
CRITICAL - 2023-01-07 07:36:00 --> Undefined property: App\Controllers\Login::$load
in APPPATH\Controllers\Login.php on line 10.
 1 APPPATH\Controllers\Login.php(10): CodeIgniter\Debug\Exceptions->errorHandler(2, 'Undefined property: App\\Controllers\\Login::$load', 'APPPATH\\Controllers\\Login.php', 10)
 2 SYSTEMPATH\CodeIgniter.php(925): App\Controllers\Login->index()
 3 SYSTEMPATH\CodeIgniter.php(480): CodeIgniter\CodeIgniter->runController(Object(App\Controllers\Login))
 4 SYSTEMPATH\CodeIgniter.php(349): CodeIgniter\CodeIgniter->handleRequest(null, Object(Config\Cache), false)
 5 FCPATH\index.php(67): CodeIgniter\CodeIgniter->run()
CRITICAL - 2023-01-07 07:37:05 --> Undefined property: App\Controllers\Login::$load
in APPPATH\Controllers\Login.php on line 9.
 1 APPPATH\Controllers\Login.php(9): CodeIgniter\Debug\Exceptions->errorHandler(2, 'Undefined property: App\\Controllers\\Login::$load', 'APPPATH\\Controllers\\Login.php', 9)
 2 SYSTEMPATH\CodeIgniter.php(925): App\Controllers\Login->index()
 3 SYSTEMPATH\CodeIgniter.php(480): CodeIgniter\CodeIgniter->runController(Object(App\Controllers\Login))
 4 SYSTEMPATH\CodeIgniter.php(349): CodeIgniter\CodeIgniter->handleRequest(null, Object(Config\Cache), false)
 5 FCPATH\index.php(67): CodeIgniter\CodeIgniter->run()
CRITICAL - 2023-01-07 07:42:53 --> Undefined property: App\Controllers\Login::$load
in APPPATH\Controllers\Login.php on line 9.
 1 APPPATH\Controllers\Login.php(9): CodeIgniter\Debug\Exceptions->errorHandler(2, 'Undefined property: App\\Controllers\\Login::$load', 'APPPATH\\Controllers\\Login.php', 9)
 2 SYSTEMPATH\CodeIgniter.php(925): App\Controllers\Login->index()
 3 SYSTEMPATH\CodeIgniter.php(480): CodeIgniter\CodeIgniter->runController(Object(App\Controllers\Login))
 4 SYSTEMPATH\CodeIgniter.php(349): CodeIgniter\CodeIgniter->handleRequest(null, Object(Config\Cache), false)
 5 FCPATH\index.php(67): CodeIgniter\CodeIgniter->run()
CRITICAL - 2023-01-07 07:43:52 --> Undefined property: App\Controllers\Login::$load
in APPPATH\Controllers\Login.php on line 9.
 1 APPPATH\Controllers\Login.php(9): CodeIgniter\Debug\Exceptions->errorHandler(2, 'Undefined property: App\\Controllers\\Login::$load', 'APPPATH\\Controllers\\Login.php', 9)
 2 SYSTEMPATH\CodeIgniter.php(925): App\Controllers\Login->index()
 3 SYSTEMPATH\CodeIgniter.php(480): CodeIgniter\CodeIgniter->runController(Object(App\Controllers\Login))
 4 SYSTEMPATH\CodeIgniter.php(349): CodeIgniter\CodeIgniter->handleRequest(null, Object(Config\Cache), false)
 5 FCPATH\index.php(67): CodeIgniter\CodeIgniter->run()
CRITICAL - 2023-01-07 07:46:38 --> Undefined property: App\Controllers\Login::$load
in APPPATH\Controllers\Login.php on line 9.
 1 APPPATH\Controllers\Login.php(9): CodeIgniter\Debug\Exceptions->errorHandler(2, 'Undefined property: App\\Controllers\\Login::$load', 'APPPATH\\Controllers\\Login.php', 9)
 2 SYSTEMPATH\CodeIgniter.php(925): App\Controllers\Login->index()
 3 SYSTEMPATH\CodeIgniter.php(480): CodeIgniter\CodeIgniter->runController(Object(App\Controllers\Login))
 4 SYSTEMPATH\CodeIgniter.php(349): CodeIgniter\CodeIgniter->handleRequest(null, Object(Config\Cache), false)
 5 FCPATH\index.php(67): CodeIgniter\CodeIgniter->run()
CRITICAL - 2023-01-07 07:47:03 --> Undefined property: App\Controllers\Login::$load
in APPPATH\Controllers\Login.php on line 9.
 1 APPPATH\Controllers\Login.php(9): CodeIgniter\Debug\Exceptions->errorHandler(2, 'Undefined property: App\\Controllers\\Login::$load', 'APPPATH\\Controllers\\Login.php', 9)
 2 SYSTEMPATH\CodeIgniter.php(925): App\Controllers\Login->index()
 3 SYSTEMPATH\CodeIgniter.php(480): CodeIgniter\CodeIgniter->runController(Object(App\Controllers\Login))
 4 SYSTEMPATH\CodeIgniter.php(349): CodeIgniter\CodeIgniter->handleRequest(null, Object(Config\Cache), false)
 5 FCPATH\index.php(67): CodeIgniter\CodeIgniter->run()
CRITICAL - 2023-01-07 07:50:46 --> Undefined property: App\Controllers\Login::$load
in APPPATH\Controllers\Login.php on line 9.
 1 APPPATH\Controllers\Login.php(9): CodeIgniter\Debug\Exceptions->errorHandler(2, 'Undefined property: App\\Controllers\\Login::$load', 'APPPATH\\Controllers\\Login.php', 9)
 2 SYSTEMPATH\CodeIgniter.php(925): App\Controllers\Login->index()
 3 SYSTEMPATH\CodeIgniter.php(480): CodeIgniter\CodeIgniter->runController(Object(App\Controllers\Login))
 4 SYSTEMPATH\CodeIgniter.php(349): CodeIgniter\CodeIgniter->handleRequest(null, Object(Config\Cache), false)
 5 FCPATH\index.php(67): CodeIgniter\CodeIgniter->run()
CRITICAL - 2023-01-07 08:03:12 --> syntax error, unexpected token "}", expecting ";"
in APPPATH\Controllers\Login.php on line 19.
 1 SYSTEMPATH\Autoloader\Autoloader.php(260): CodeIgniter\Autoloader\Autoloader->includeFile('APPPATH\\Controllers\\Login.php')
 2 SYSTEMPATH\Autoloader\Autoloader.php(238): CodeIgniter\Autoloader\Autoloader->loadInNamespace('App\\Controllers\\Login')
 3 [internal function]: CodeIgniter\Autoloader\Autoloader->loadClass('App\\Controllers\\Login')
 4 SYSTEMPATH\CodeIgniter.php(875): class_exists('\\App\\Controllers\\Login', true)
 5 SYSTEMPATH\CodeIgniter.php(467): CodeIgniter\CodeIgniter->startController()
 6 SYSTEMPATH\CodeIgniter.php(349): CodeIgniter\CodeIgniter->handleRequest(null, Object(Config\Cache), false)
 7 FCPATH\index.php(67): CodeIgniter\CodeIgniter->run()
